2025-08-14 12:33:19,084 - INFO - Ingesting begin_inventory.csv in db
2025-08-14 12:33:21,267 - INFO - Ingesting end_inventory.csv in db
2025-08-14 12:33:28,029 - INFO - Ingesting purchases.csv in db
2025-08-14 12:34:01,734 - INFO - Ingesting purchase_prices.csv in db
2025-08-14 12:34:20,052 - INFO - Ingesting sales.csv in db
2025-08-14 12:38:54,739 - INFO - Ingesting vendor_invoice.csv in db
2025-08-14 12:38:54,899 - INFO - -----------Ingestion Complete-----------
2025-08-14 12:38:54,899 - INFO - Total Time Taken: 5.602456498146057 minutes
2025-08-15 19:29:36,833 - INFO - starting Time 1755275376.8331392
2025-08-15 19:29:36,833 - INFO - ------Start Creating Vender Sales Summary------
2025-08-15 19:30:23,131 - INFO - starting Time 1755275423.131174
2025-08-15 19:30:23,132 - INFO - ------Start Creating Vender Sales Summary------
2025-08-15 19:31:03,107 - INFO -    VendorNumber  ... FreightCost
0          1128  ...    68601.68
1          4425  ...   144929.24

[2 rows x 14 columns]
2025-08-15 19:31:03,149 - INFO - ------Vender Sales Summary Table Created------
2025-08-15 19:31:03,149 - INFO - ------Start Data Cleaning------
2025-08-15 19:32:17,487 - INFO - starting Time 1755275537.487608
2025-08-15 19:32:17,488 - INFO - ------Start Creating Vender Sales Summary------
2025-08-15 19:32:52,718 - INFO -    VendorNumber                   VendorName  Brand              Description  ...  TotalSalesDollars  TotalSalesPrice TotalExciseTax  FreightCost
0          1128  BROWN-FORMAN CORP             1233  Jack Daniels No 7 Black  ...         5101919.51        672819.31      260999.20     68601.68
1          4425        MARTIGNETTI COMPANIES   3405    Tito's Handmade Vodka  ...         4819073.49        561512.37      294438.66    144929.24

[2 rows x 14 columns]
2025-08-15 19:32:52,739 - INFO - ------Vender Sales Summary Table Created------
2025-08-15 19:32:52,739 - INFO - ------Start Data Cleaning------
2025-08-15 19:32:52,739 - INFO - ------Start Data Cleaning------
2025-08-15 19:32:52,756 - INFO -    VendorNumber             VendorName  Brand              Description  ...  GrossProfit  ProfitMargin  StockTurnover  TotalPurchaseRatio
0          1128      BROWN-FORMAN CORP   1233  Jack Daniels No 7 Black  ...   1290667.91     25.297693       0.979108            1.338647
1          4425  MARTIGNETTI COMPANIES   3405    Tito's Handmade Vodka  ...   1015032.27     21.062810       0.976890            1.266830

[2 rows x 18 columns]
2025-08-15 19:32:52,777 - INFO - ------Vender Sales Summary cleaned------
2025-08-15 19:32:52,778 - INFO - ------Ingesting Data------
2025-08-15 19:32:52,856 - INFO - ------Completed successfully!------
2025-08-15 19:33:46,928 - INFO - starting Time 1755275626.9280226
2025-08-15 19:33:46,928 - INFO - ------Start Creating Vender Sales Summary------
2025-08-15 19:34:28,133 - INFO - starting Time 1755275668.1333132
2025-08-15 19:34:28,134 - INFO - ------Start Creating Vender Sales Summary------
2025-08-15 19:34:56,652 - INFO -    VendorNumber                   VendorName  Brand              Description  ...  TotalSalesDollars  TotalSalesPrice TotalExciseTax  FreightCost
0          1128  BROWN-FORMAN CORP             1233  Jack Daniels No 7 Black  ...         5101919.51        672819.31      260999.20     68601.68
1          4425        MARTIGNETTI COMPANIES   3405    Tito's Handmade Vodka  ...         4819073.49        561512.37      294438.66    144929.24

[2 rows x 14 columns]
2025-08-15 19:34:56,674 - INFO - ------Vender Sales Summary Table Created------
2025-08-15 19:34:56,674 - INFO - ------Start Data Cleaning------
2025-08-15 19:34:56,675 - INFO - ------Start Data Cleaning------
2025-08-15 19:34:56,694 - INFO -    VendorNumber             VendorName  Brand              Description  ...  GrossProfit  ProfitMargin  StockTurnover  TotalPurchaseRatio
0          1128      BROWN-FORMAN CORP   1233  Jack Daniels No 7 Black  ...   1290667.91     25.297693       0.979108            1.338647
1          4425  MARTIGNETTI COMPANIES   3405    Tito's Handmade Vodka  ...   1015032.27     21.062810       0.976890            1.266830

[2 rows x 18 columns]
2025-08-15 19:34:56,725 - INFO - ------Vender Sales Summary cleaned------
2025-08-15 19:34:56,725 - INFO - ------Ingesting Data------
2025-08-15 19:34:56,876 - INFO - ------Completed successfully!------
2025-08-15 19:36:14,564 - INFO - starting Time 1755275774.5632026
2025-08-15 19:36:14,564 - INFO - ------Start Creating Vender Sales Summary------
2025-08-15 19:36:43,967 - INFO -    VendorNumber                   VendorName  Brand              Description  ...  TotalSalesDollars  TotalSalesPrice TotalExciseTax  FreightCost
0          1128  BROWN-FORMAN CORP             1233  Jack Daniels No 7 Black  ...         5101919.51        672819.31      260999.20     68601.68
1          4425        MARTIGNETTI COMPANIES   3405    Tito's Handmade Vodka  ...         4819073.49        561512.37      294438.66    144929.24

[2 rows x 14 columns]
2025-08-15 19:36:43,991 - INFO - ------Vender Sales Summary Table Created------
2025-08-15 19:36:43,991 - INFO - ------Start Data Cleaning------
2025-08-15 19:36:43,991 - INFO - ------Start Data Cleaning------
2025-08-15 19:36:44,014 - INFO -    VendorNumber             VendorName  Brand              Description  ...  GrossProfit  ProfitMargin  StockTurnover  TotalPurchaseRatio
0          1128      BROWN-FORMAN CORP   1233  Jack Daniels No 7 Black  ...   1290667.91     25.297693       0.979108            1.338647
1          4425  MARTIGNETTI COMPANIES   3405    Tito's Handmade Vodka  ...   1015032.27     21.062810       0.976890            1.266830

[2 rows x 18 columns]
2025-08-15 19:36:44,046 - INFO - ------Vender Sales Summary cleaned------
2025-08-15 19:36:44,047 - INFO - ------Ingesting Data------
2025-08-15 19:36:44,141 - INFO - ------Completed successfully!------
2025-08-15 19:40:44,034 - INFO - starting Time 1755276044.034916
2025-08-15 19:40:44,034 - INFO - ------Start Creating Vender Sales Summary------
2025-08-15 19:41:13,498 - INFO -    VendorNumber                   VendorName  Brand              Description  ...  TotalSalesDollars  TotalSalesPrice TotalExciseTax  FreightCost
0          1128  BROWN-FORMAN CORP             1233  Jack Daniels No 7 Black  ...         5101919.51        672819.31      260999.20     68601.68
1          4425        MARTIGNETTI COMPANIES   3405    Tito's Handmade Vodka  ...         4819073.49        561512.37      294438.66    144929.24

[2 rows x 14 columns]
2025-08-15 19:41:13,517 - INFO - ------Vender Sales Summary Table Created------
2025-08-15 19:41:13,517 - INFO - ------Start Data Cleaning------
2025-08-15 19:41:13,517 - INFO - ------Start Data Cleaning------
2025-08-15 19:41:13,532 - INFO -    VendorNumber             VendorName  Brand              Description  ...  GrossProfit  ProfitMargin  StockTurnover  TotalPurchaseRatio
0          1128      BROWN-FORMAN CORP   1233  Jack Daniels No 7 Black  ...   1290667.91     25.297693       0.979108            1.338647
1          4425  MARTIGNETTI COMPANIES   3405    Tito's Handmade Vodka  ...   1015032.27     21.062810       0.976890            1.266830

[2 rows x 18 columns]
2025-08-15 19:41:13,556 - INFO - ------Vender Sales Summary cleaned------
2025-08-15 19:41:13,556 - INFO - ------Ingesting Data------
2025-08-15 19:41:13,660 - INFO - ------Completed successfully!------
2025-08-15 19:44:11,803 - INFO - starting Time 1755276251.8033888
2025-08-15 19:44:11,804 - INFO - ------Start Creating Vender Sales Summary------
2025-08-15 19:44:42,601 - INFO -    VendorNumber                   VendorName  Brand              Description  ...  TotalSalesDollars  TotalSalesPrice TotalExciseTax  FreightCost
0          1128  BROWN-FORMAN CORP             1233  Jack Daniels No 7 Black  ...         5101919.51        672819.31      260999.20     68601.68
1          4425        MARTIGNETTI COMPANIES   3405    Tito's Handmade Vodka  ...         4819073.49        561512.37      294438.66    144929.24

[2 rows x 14 columns]
2025-08-15 19:44:42,627 - INFO - ------Vender Sales Summary Table Created------
2025-08-15 19:44:42,627 - INFO - ------Start Data Cleaning------
2025-08-15 19:44:42,627 - INFO - ------Start Data Cleaning------
2025-08-15 19:44:42,648 - INFO -    VendorNumber             VendorName  Brand              Description  ...  GrossProfit  ProfitMargin  StockTurnover  TotalPurchaseRatio
0          1128      BROWN-FORMAN CORP   1233  Jack Daniels No 7 Black  ...   1290667.91     25.297693       0.979108            1.338647
1          4425  MARTIGNETTI COMPANIES   3405    Tito's Handmade Vodka  ...   1015032.27     21.062810       0.976890            1.266830

[2 rows x 18 columns]
2025-08-15 19:44:42,672 - INFO - ------Vender Sales Summary cleaned------
2025-08-15 19:44:42,672 - INFO - ------Ingesting Data------
2025-08-15 19:44:42,760 - INFO - ------Completed successfully!------
